<?xml version="1.0" encoding="UTF-8"?>
<testng-results skipped="0" failed="0" total="1" passed="1">
  <reporter-output>
  </reporter-output>
  <suite name="Default suite" duration-ms="12036" started-at="2021-05-13T05:35:12Z" finished-at="2021-05-13T05:35:24Z">
    <groups>
    </groups>
    <test name="Default test" duration-ms="12036" started-at="2021-05-13T05:35:12Z" finished-at="2021-05-13T05:35:24Z">
      <class name="handling_Dynamic_checkboxandradiobutton_Test.Handling_Dynamic_checkboxandradiobutton_Test1">
        <test-method status="PASS" signature="setUp()[pri:0, instance:handling_Dynamic_checkboxandradiobutton_Test.Handling_Dynamic_checkboxandradiobutton_Test1@3f49dace]" name="setUp" is-config="true" duration-ms="8103" started-at="2021-05-13T11:05:12Z" finished-at="2021-05-13T11:05:20Z">
          <reporter-output>
          </reporter-output>
        </test-method> <!-- setUp -->
        <test-method status="PASS" signature="dynamicCheckbox()[pri:0, instance:handling_Dynamic_checkboxandradiobutton_Test.Handling_Dynamic_checkboxandradiobutton_Test1@3f49dace]" name="dynamicCheckbox" duration-ms="3768" started-at="2021-05-13T11:05:20Z" finished-at="2021-05-13T11:05:24Z">
          <reporter-output>
          </reporter-output>
        </test-method> <!-- dynamicCheckbox -->
        <test-method status="PASS" signature="tearDown()[pri:0, instance:handling_Dynamic_checkboxandradiobutton_Test.Handling_Dynamic_checkboxandradiobutton_Test1@3f49dace]" name="tearDown" is-config="true" duration-ms="143" started-at="2021-05-13T11:05:24Z" finished-at="2021-05-13T11:05:24Z">
          <reporter-output>
          </reporter-output>
        </test-method> <!-- tearDown -->
      </class> <!-- handling_Dynamic_checkboxandradiobutton_Test.Handling_Dynamic_checkboxandradiobutton_Test1 -->
    </test> <!-- Default test -->
  </suite> <!-- Default suite -->
</testng-results>
